<?xml version="1.0" encoding="UTF-8"?>
<!-- Generated by org.testng.reporters.JUnitXMLReporter -->
<testsuite hostname="mindc1d155" ignored="0" name="Default test" tests="10" failures="0" timestamp="2022-06-02T20:18:13 IST" time="242.472" errors="0">
  <testcase name="basePageNavigation" time="11.352" classname="runner.TestExecution8"/>
  <testcase name="basePageNavigation" time="17.433" classname="runner.TestExecution"/>
  <testcase name="basePageNavigation" time="18.671" classname="runner.TextExecution9"/>
  <testcase name="basePageNavigation" time="24.882" classname="runner.TestExecution1"/>
  <testcase name="basePageNavigation" time="45.978" classname="runner.TestExecution2"/>
  <testcase name="basePageNavigation" time="17.936" classname="runner.TestExecution3"/>
  <testcase name="basePageNavigation" time="31.296" classname="runner.TestExecution4"/>
  <testcase name="basePageNavigation" time="12.471" classname="runner.LoginTestExecution5"/>
  <testcase name="basePageNavigation" time="28.491" classname="runner.TestExecution6"/>
  <testcase name="basePageNavigation" time="21.069" classname="runner.TestExecution7"/>
</testsuite> <!-- Default test -->
