<?xml version="1.0" encoding="UTF-8"?>
<!-- Generated by org.testng.reporters.JUnitXMLReporter -->
<testsuite hostname="mindc1d155" ignored="0" name="Test" tests="10" failures="1" timestamp="2022-06-02T13:00:09 IST" time="231.311" errors="0">
  <testcase name="basePageNavigation" time="34.641" classname="runner.TestExecution4"/>
  <testcase name="basePageNavigation" time="42.533" classname="runner.TestExecution2">
    <failure type="java.lang.NullPointerException">
      <![CDATA[java.lang.NullPointerException
at com.relevantcodes.extentreports.ExtentTest.isPathRelative(ExtentTest.java:502)
at com.relevantcodes.extentreports.ExtentTest.addScreenCapture(ExtentTest.java:287)
at utility.ExtentReport.logFail(ExtentReport.java:74)
at runner.TestExecution2.basePageNavigation(TestExecution2.java:70)
at java.util.ArrayList.forEach(ArrayList.java:1259)
... Removed 27 stack frames]]>
    </failure>
  </testcase> <!-- basePageNavigation -->
  <testcase name="basePageNavigation" time="17.763" classname="runner.TestExecution3"/>
  <testcase name="basePageNavigation" time="23.934" classname="runner.TestExecution1"/>
  <testcase name="basePageNavigation" time="18.368" classname="runner.TestExecution"/>
  <testcase name="basePageNavigation" time="18.352" classname="runner.TextExecution9"/>
  <testcase name="basePageNavigation" time="9.257" classname="runner.TestExecution8"/>
  <testcase name="basePageNavigation" time="10.491" classname="runner.LoginTestExecution5"/>
  <testcase name="basePageNavigation" time="27.918" classname="runner.TestExecution6"/>
  <testcase name="basePageNavigation" time="16.232" classname="runner.TestExecution7"/>
</testsuite> <!-- Test -->
