<?xml version="1.0" encoding="UTF-8"?>
<testng-results skipped="0" failed="0" ignored="0" total="10" passed="10">
  <reporter-output>
  </reporter-output>
  <suite name="Default suite" duration-ms="242472" started-at="2022-06-02T20:14:11 IST" finished-at="2022-06-02T20:18:13 IST">
    <groups>
    </groups>
    <test name="Default test" duration-ms="242472" started-at="2022-06-02T20:14:11 IST" finished-at="2022-06-02T20:18:13 IST">
      <class name="runner.TestExecution8">
        <test-method status="PASS" signature="basePageNavigation()[pri:0, instance:runner.TestExecution8@2353b3e6]" name="basePageNavigation" duration-ms="11352" started-at="2022-06-02T20:14:11 IST" finished-at="2022-06-02T20:14:22 IST">
          <reporter-output>
          </reporter-output>
        </test-method> <!-- basePageNavigation -->
        <test-method status="PASS" signature="close()[pri:0, instance:runner.TestExecution8@2353b3e6]" name="close" is-config="true" duration-ms="1845" started-at="2022-06-02T20:14:22 IST" finished-at="2022-06-02T20:14:24 IST">
          <reporter-output>
          </reporter-output>
        </test-method> <!-- close -->
      </class> <!-- runner.TestExecution8 -->
      <class name="runner.TestExecution">
        <test-method status="PASS" signature="basePageNavigation()[pri:0, instance:runner.TestExecution@371a67ec]" name="basePageNavigation" duration-ms="17433" started-at="2022-06-02T20:14:24 IST" finished-at="2022-06-02T20:14:41 IST">
          <reporter-output>
          </reporter-output>
        </test-method> <!-- basePageNavigation -->
        <test-method status="PASS" signature="close()[pri:0, instance:runner.TestExecution@371a67ec]" name="close" is-config="true" duration-ms="158" started-at="2022-06-02T20:14:41 IST" finished-at="2022-06-02T20:14:41 IST">
          <reporter-output>
          </reporter-output>
        </test-method> <!-- close -->
      </class> <!-- runner.TestExecution -->
      <class name="runner.TextExecution9">
        <test-method status="PASS" signature="basePageNavigation()[pri:0, instance:runner.TextExecution9@5ed828d]" name="basePageNavigation" duration-ms="18671" started-at="2022-06-02T20:14:41 IST" finished-at="2022-06-02T20:15:00 IST">
          <reporter-output>
          </reporter-output>
        </test-method> <!-- basePageNavigation -->
        <test-method status="PASS" signature="close()[pri:0, instance:runner.TextExecution9@5ed828d]" name="close" is-config="true" duration-ms="4358" started-at="2022-06-02T20:15:00 IST" finished-at="2022-06-02T20:15:04 IST">
          <reporter-output>
          </reporter-output>
        </test-method> <!-- close -->
      </class> <!-- runner.TextExecution9 -->
      <class name="runner.TestExecution1">
        <test-method status="PASS" signature="basePageNavigation()[pri:0, instance:runner.TestExecution1@50d0686]" name="basePageNavigation" duration-ms="24882" started-at="2022-06-02T20:15:04 IST" finished-at="2022-06-02T20:15:29 IST">
          <reporter-output>
          </reporter-output>
        </test-method> <!-- basePageNavigation -->
        <test-method status="PASS" signature="close()[pri:0, instance:runner.TestExecution1@50d0686]" name="close" is-config="true" duration-ms="4242" started-at="2022-06-02T20:15:29 IST" finished-at="2022-06-02T20:15:34 IST">
          <reporter-output>
          </reporter-output>
        </test-method> <!-- close -->
      </class> <!-- runner.TestExecution1 -->
      <class name="runner.TestExecution2">
        <test-method status="PASS" signature="basePageNavigation()[pri:0, instance:runner.TestExecution2@7a3d45bd]" name="basePageNavigation" duration-ms="45978" started-at="2022-06-02T20:15:34 IST" finished-at="2022-06-02T20:16:20 IST">
          <reporter-output>
          </reporter-output>
        </test-method> <!-- basePageNavigation -->
        <test-method status="PASS" signature="close()[pri:0, instance:runner.TestExecution2@7a3d45bd]" name="close" is-config="true" duration-ms="425" started-at="2022-06-02T20:16:20 IST" finished-at="2022-06-02T20:16:20 IST">
          <reporter-output>
          </reporter-output>
        </test-method> <!-- close -->
      </class> <!-- runner.TestExecution2 -->
      <class name="runner.TestExecution3">
        <test-method status="PASS" signature="basePageNavigation()[pri:0, instance:runner.TestExecution3@1e7c7811]" name="basePageNavigation" duration-ms="17936" started-at="2022-06-02T20:16:20 IST" finished-at="2022-06-02T20:16:38 IST">
          <reporter-output>
          </reporter-output>
        </test-method> <!-- basePageNavigation -->
        <test-method status="PASS" signature="close()[pri:0, instance:runner.TestExecution3@1e7c7811]" name="close" is-config="true" duration-ms="320" started-at="2022-06-02T20:16:38 IST" finished-at="2022-06-02T20:16:38 IST">
          <reporter-output>
          </reporter-output>
        </test-method> <!-- close -->
      </class> <!-- runner.TestExecution3 -->
      <class name="runner.TestExecution4">
        <test-method status="PASS" signature="basePageNavigation()[pri:0, instance:runner.TestExecution4@77ec78b9]" name="basePageNavigation" duration-ms="31296" started-at="2022-06-02T20:16:38 IST" finished-at="2022-06-02T20:17:10 IST">
          <reporter-output>
          </reporter-output>
        </test-method> <!-- basePageNavigation -->
        <test-method status="PASS" signature="close()[pri:0, instance:runner.TestExecution4@77ec78b9]" name="close" is-config="true" duration-ms="222" started-at="2022-06-02T20:17:10 IST" finished-at="2022-06-02T20:17:10 IST">
          <reporter-output>
          </reporter-output>
        </test-method> <!-- close -->
      </class> <!-- runner.TestExecution4 -->
      <class name="runner.TestExecution6">
        <test-method status="PASS" signature="basePageNavigation()[pri:0, instance:runner.TestExecution6@77f99a05]" name="basePageNavigation" duration-ms="28491" started-at="2022-06-02T20:17:23 IST" finished-at="2022-06-02T20:17:52 IST">
          <reporter-output>
          </reporter-output>
        </test-method> <!-- basePageNavigation -->
        <test-method status="PASS" signature="close()[pri:0, instance:runner.TestExecution6@77f99a05]" name="close" is-config="true" duration-ms="103" started-at="2022-06-02T20:17:52 IST" finished-at="2022-06-02T20:17:52 IST">
          <reporter-output>
          </reporter-output>
        </test-method> <!-- close -->
      </class> <!-- runner.TestExecution6 -->
      <class name="runner.LoginTestExecution5">
        <test-method status="PASS" signature="basePageNavigation()[pri:0, instance:runner.LoginTestExecution5@a38d7a3]" name="basePageNavigation" duration-ms="12471" started-at="2022-06-02T20:17:10 IST" finished-at="2022-06-02T20:17:22 IST">
          <reporter-output>
          </reporter-output>
        </test-method> <!-- basePageNavigation -->
        <test-method status="PASS" signature="close()[pri:0, instance:runner.LoginTestExecution5@a38d7a3]" name="close" is-config="true" duration-ms="998" started-at="2022-06-02T20:17:22 IST" finished-at="2022-06-02T20:17:23 IST">
          <reporter-output>
          </reporter-output>
        </test-method> <!-- close -->
      </class> <!-- runner.LoginTestExecution5 -->
      <class name="runner.TestExecution7">
        <test-method status="PASS" signature="basePageNavigation()[pri:0, instance:runner.TestExecution7@63440df3]" name="basePageNavigation" duration-ms="21069" started-at="2022-06-02T20:17:52 IST" finished-at="2022-06-02T20:18:13 IST">
          <reporter-output>
          </reporter-output>
        </test-method> <!-- basePageNavigation -->
        <test-method status="PASS" signature="close()[pri:0, instance:runner.TestExecution7@63440df3]" name="close" is-config="true" duration-ms="138" started-at="2022-06-02T20:18:13 IST" finished-at="2022-06-02T20:18:13 IST">
          <reporter-output>
          </reporter-output>
        </test-method> <!-- close -->
      </class> <!-- runner.TestExecution7 -->
    </test> <!-- Default test -->
  </suite> <!-- Default suite -->
</testng-results>
